stderr: pandoc: ./google_drive_data//Ready: openBinaryFile: does not exist (No such file or directory)

exec error: Error: Command failed: pandoc: ./google_drive_data//Ready: openBinaryFile: does not exist (No such file or directory)

stderr: pandoc: ./google_drive_data//Ready: openBinaryFile: does not exist (No such file or directory)

exec error: Error: Command failed: pandoc: ./google_drive_data//Ready: openBinaryFile: does not exist (No such file or directory)

stderr: pandoc: ./google_drive_data//Ready: openBinaryFile: does not exist (No such file or directory)

exec error: Error: Command failed: pandoc: ./google_drive_data//Ready: openBinaryFile: does not exist (No such file or directory)

stderr: pandoc: ./google_drive_data//Ready: openBinaryFile: does not exist (No such file or directory)

exec error: Error: Command failed: pandoc: ./google_drive_data//Ready: openBinaryFile: does not exist (No such file or directory)

stderr: pandoc: ./google_drive_data//Ready: openBinaryFile: does not exist (No such file or directory)

exec error: Error: Command failed: pandoc: ./google_drive_data//Ready: openBinaryFile: does not exist (No such file or directory)

stderr: pandoc: ./google_drive_data//Ready: openBinaryFile: does not exist (No such file or directory)

exec error: Error: Command failed: pandoc: ./google_drive_data//Ready: openBinaryFile: does not exist (No such file or directory)

stderr: /bin/sh: -c: line 0: unexpected EOF while looking for matching `''
/bin/sh: -c: line 1: syntax error: unexpected end of file

exec error: Error: Command failed: /bin/sh: -c: line 0: unexpected EOF while looking for matching `''
/bin/sh: -c: line 1: syntax error: unexpected end of file

stderr: /bin/sh: -c: line 0: unexpected EOF while looking for matching `''
/bin/sh: -c: line 1: syntax error: unexpected end of file

exec error: Error: Command failed: /bin/sh: -c: line 0: unexpected EOF while looking for matching `''
/bin/sh: -c: line 1: syntax error: unexpected end of file

stderr: pandoc: ./google_drive_data//Ready: openBinaryFile: does not exist (No such file or directory)

exec error: Error: Command failed: pandoc: ./google_drive_data//Ready: openBinaryFile: does not exist (No such file or directory)

